# JRE version: OpenJDK Runtime Environment Temurin-21.0.12.1+1 (21.0.12.1+1) (build 21.0.12.1+1-LTS)
# Java VM: OpenJDK 64-Bit Server VM Temurin-21.0.12.1+1 (21.0.12.1+1-LTS, mixed mode, sharing, tiered, compressed oops, compressed class ptrs, parallel gc, windows-amd64)
GC Precious Log:
 CardTable entry size: 512
 CPUs: 12 total, 12 available
 Memory: 7893M
 Large Page Support: Disabled
 NUMA Support: Disabled
 Compressed Oops: Enabled (32-bit)
 Alignments: Space 512K, Generation 512K, Heap 2M
 Heap Min Capacity: 100M
 Heap Initial Capacity: 100M
 Heap Max Capacity: 2G
 Pre-touch: Disabled
 Parallel Workers: 10
Heap:
 PSYoungGen      total 14848K, used 13249K [0x00000000d5580000, 0x00000000d6680000, 0x0000000100000000)
  eden space 13824K, 91% used [0x00000000d5580000,0x00000000d61e8780,0x00000000d6300000)
  from space 1024K, 53% used [0x00000000d6300000,0x00000000d6388020,0x00000000d6400000)
  to   space 1536K, 0% used [0x00000000d6500000,0x00000000d6500000,0x00000000d6680000)
 ParOldGen       total 126976K, used 126873K [0x0000000080000000, 0x0000000087c00000, 0x00000000d5580000)
  object space 126976K, 99% used [0x0000000080000000,0x0000000087be6440,0x0000000087c00000)
 Metaspace       used 68314K, committed 70016K, reserved 1114112K
  class space    used 8021K, committed 8768K, reserved 1048576K
GC Heap History (20 events):
Event: 77.817 GC heap before
{Heap before GC invocations=109 (full 3):
 PSYoungGen      total 18944K, used 15980K [0x00000000d5580000, 0x00000000d6c80000, 0x0000000100000000)
  eden space 15360K, 99% used [0x00000000d5580000,0x00000000d647f1f8,0x00000000d6480000)
  from space 3584K, 17% used [0x00000000d6700000,0x00000000d679c030,0x00000000d6a80000)
  to   space 1536K, 0% used [0x00000000d6b00000,0x00000000d6b00000,0x00000000d6c80000)
 ParOldGen       total 118784K, used 118760K [0x0000000080000000, 0x0000000087400000, 0x00000000d5580000)
  object space 118784K, 99% used [0x0000000080000000,0x00000000873fa138,0x0000000087400000)
 Metaspace       used 67952K, committed 69696K, reserved 1114112K
  class space    used 8010K, committed 8768K, reserved 1048576K
}
Event: 77.821 GC heap after
{Heap after GC invocations=109 (full 3):
 PSYoungGen      total 16896K, used 1524K [0x00000000d5580000, 0x00000000d6c80000, 0x0000000100000000)
  eden space 15360K, 0% used [0x00000000d5580000,0x00000000d5580000,0x00000000d6480000)
  from space 1536K, 99% used [0x00000000d6b00000,0x00000000d6c7d0d8,0x00000000d6c80000)
  to   space 3072K, 0% used [0x00000000d6680000,0x00000000d6680000,0x00000000d6980000)
 ParOldGen       total 120320K, used 119812K [0x0000000080000000, 0x0000000087580000, 0x00000000d5580000)
  object space 120320K, 99% used [0x0000000080000000,0x00000000875011b8,0x0000000087580000)
 Metaspace       used 67952K, committed 69696K, reserved 1114112K
  class space    used 8010K, committed 8768K, reserved 1048576K
}
Event: 79.199 GC heap before
{Heap before GC invocations=110 (full 3):
 PSYoungGen      total 16896K, used 16883K [0x00000000d5580000, 0x00000000d6c80000, 0x0000000100000000)
  eden space 15360K, 99% used [0x00000000d5580000,0x00000000d647fb68,0x00000000d6480000)
  from space 1536K, 99% used [0x00000000d6b00000,0x00000000d6c7d0d8,0x00000000d6c80000)
  to   space 3072K, 0% used [0x00000000d6680000,0x00000000d6680000,0x00000000d6980000)
 ParOldGen       total 120320K, used 119812K [0x0000000080000000, 0x0000000087580000, 0x00000000d5580000)
  object space 120320K, 99% used [0x0000000080000000,0x00000000875011b8,0x0000000087580000)
 Metaspace       used 67982K, committed 69696K, reserved 1114112K
  class space    used 8010K, committed 8768K, reserved 1048576K
}
Event: 79.201 GC heap after
{Heap after GC invocations=110 (full 3):
 PSYoungGen      total 18432K, used 736K [0x00000000d5580000, 0x00000000d6b80000, 0x0000000100000000)
  eden space 15360K, 0% used [0x00000000d5580000,0x00000000d5580000,0x00000000d6480000)
  from space 3072K, 23% used [0x00000000d6680000,0x00000000d6738000,0x00000000d6980000)
  to   space 1536K, 0% used [0x00000000d6a00000,0x00000000d6a00000,0x00000000d6b80000)
 ParOldGen       total 120320K, used 120240K [0x0000000080000000, 0x0000000087580000, 0x00000000d5580000)
  object space 120320K, 99% used [0x0000000080000000,0x000000008756c248,0x0000000087580000)
 Metaspace       used 67982K, committed 69696K, reserved 1114112K
  class space    used 8010K, committed 8768K, reserved 1048576K
}
Event: 82.313 GC heap before
{Heap before GC invocations=111 (full 3):
 PSYoungGen      total 18432K, used 16096K [0x00000000d5580000, 0x00000000d6b80000, 0x0000000100000000)
  eden space 15360K, 100% used [0x00000000d5580000,0x00000000d6480000,0x00000000d6480000)
  from space 3072K, 23% used [0x00000000d6680000,0x00000000d6738000,0x00000000d6980000)
  to   space 1536K, 0% used [0x00000000d6a00000,0x00000000d6a00000,0x00000000d6b80000)
 ParOldGen       total 120320K, used 120240K [0x0000000080000000, 0x0000000087580000, 0x00000000d5580000)
  object space 120320K, 99% used [0x0000000080000000,0x000000008756c248,0x0000000087580000)
 Metaspace       used 68085K, committed 69760K, reserved 1114112K
  class space    used 8010K, committed 8768K, reserved 1048576K
}
Event: 82.316 GC heap after
{Heap after GC invocations=111 (full 3):
 PSYoungGen      total 16896K, used 1516K [0x00000000d5580000, 0x00000000d6f80000, 0x0000000100000000)
  eden space 15360K, 0% used [0x00000000d5580000,0x00000000d5580000,0x00000000d6480000)
  from space 1536K, 98% used [0x00000000d6a00000,0x00000000d6b7b010,0x00000000d6b80000)
  to   space 5632K, 0% used [0x00000000d6480000,0x00000000d6480000,0x00000000d6a00000)
 ParOldGen       total 123392K, used 123304K [0x0000000080000000, 0x0000000087880000, 0x00000000d5580000)
  object space 123392K, 99% used [0x0000000080000000,0x000000008786a1a0,0x0000000087880000)
 Metaspace       used 68085K, committed 69760K, reserved 1114112K
  class space    used 8010K, committed 8768K, reserved 1048576K
}
Event: 83.611 GC heap before
{Heap before GC invocations=112 (full 3):
 PSYoungGen      total 16896K, used 16876K [0x00000000d5580000, 0x00000000d6f80000, 0x0000000100000000)
  eden space 15360K, 100% used [0x00000000d5580000,0x00000000d6480000,0x00000000d6480000)
  from space 1536K, 98% used [0x00000000d6a00000,0x00000000d6b7b010,0x00000000d6b80000)
  to   space 5632K, 0% used [0x00000000d6480000,0x00000000d6480000,0x00000000d6a00000)
 ParOldGen       total 123392K, used 123304K [0x0000000080000000, 0x0000000087880000, 0x00000000d5580000)
  object space 123392K, 99% used [0x0000000080000000,0x000000008786a1a0,0x0000000087880000)
 Metaspace       used 68092K, committed 69760K, reserved 1114112K
  class space    used 8011K, committed 8768K, reserved 1048576K
}
Event: 83.612 GC heap after
{Heap after GC invocations=112 (full 3):
 PSYoungGen      total 16384K, used 704K [0x00000000d5580000, 0x00000000d6a80000, 0x0000000100000000)
  eden space 15360K, 0% used [0x00000000d5580000,0x00000000d5580000,0x00000000d6480000)
  from space 1024K, 68% used [0x00000000d6480000,0x00000000d6530020,0x00000000d6580000)
  to   space 2560K, 0% used [0x00000000d6800000,0x00000000d6800000,0x00000000d6a80000)
 ParOldGen       total 123904K, used 123564K [0x0000000080000000, 0x0000000087900000, 0x00000000d5580000)
  object space 123904K, 99% used [0x0000000080000000,0x00000000878ab1c0,0x0000000087900000)
 Metaspace       used 68092K, committed 69760K, reserved 1114112K
  class space    used 8011K, committed 8768K, reserved 1048576K
}
Event: 84.850 GC heap before
{Heap before GC invocations=113 (full 3):
 PSYoungGen      total 16384K, used 16064K [0x00000000d5580000, 0x00000000d6a80000, 0x0000000100000000)
  eden space 15360K, 100% used [0x00000000d5580000,0x00000000d6480000,0x00000000d6480000)
  from space 1024K, 68% used [0x00000000d6480000,0x00000000d6530020,0x00000000d6580000)
  to   space 2560K, 0% used [0x00000000d6800000,0x00000000d6800000,0x00000000d6a80000)
 ParOldGen       total 123904K, used 123564K [0x0000000080000000, 0x0000000087900000, 0x00000000d5580000)
  object space 123904K, 99% used [0x0000000080000000,0x00000000878ab1c0,0x0000000087900000)
 Metaspace       used 68117K, committed 69760K, reserved 1114112K
  class space    used 8011K, committed 8768K, reserved 1048576K
}
Event: 84.853 GC heap after
{Heap after GC invocations=113 (full 3):
 PSYoungGen      total 17408K, used 2036K [0x00000000d5580000, 0x00000000d6a00000, 0x0000000100000000)
  eden space 15360K, 0% used [0x00000000d5580000,0x00000000d5580000,0x00000000d6480000)
  from space 2048K, 99% used [0x00000000d6800000,0x00000000d69fd0b8,0x00000000d6a00000)
  to   space 2560K, 0% used [0x00000000d6500000,0x00000000d6500000,0x00000000d6780000)
 ParOldGen       total 124416K, used 124076K [0x0000000080000000, 0x0000000087980000, 0x00000000d5580000)
  object space 124416K, 99% used [0x0000000080000000,0x000000008792b200,0x0000000087980000)
 Metaspace       used 68117K, committed 69760K, reserved 1114112K
  class space    used 8011K, committed 8768K, reserved 1048576K
}
Event: 85.340 GC heap before
{Heap before GC invocations=114 (full 3):
 PSYoungGen      total 17408K, used 17396K [0x00000000d5580000, 0x00000000d6a00000, 0x0000000100000000)
  eden space 15360K, 100% used [0x00000000d5580000,0x00000000d6480000,0x00000000d6480000)
  from space 2048K, 99% used [0x00000000d6800000,0x00000000d69fd0b8,0x00000000d6a00000)
  to   space 2560K, 0% used [0x00000000d6500000,0x00000000d6500000,0x00000000d6780000)
 ParOldGen       total 124416K, used 124076K [0x0000000080000000, 0x0000000087980000, 0x00000000d5580000)
  object space 124416K, 99% used [0x0000000080000000,0x000000008792b200,0x0000000087980000)
 Metaspace       used 68148K, committed 69888K, reserved 1114112K
  class space    used 8011K, committed 8768K, reserved 1048576K
}
Event: 85.342 GC heap after
{Heap after GC invocations=114 (full 3):
 PSYoungGen      total 15872K, used 480K [0x00000000d5580000, 0x00000000d6880000, 0x0000000100000000)
  eden space 15360K, 0% used [0x00000000d5580000,0x00000000d5580000,0x00000000d6480000)
  from space 512K, 93% used [0x00000000d6500000,0x00000000d6578020,0x00000000d6580000)
  to   space 1536K, 0% used [0x00000000d6700000,0x00000000d6700000,0x00000000d6880000)
 ParOldGen       total 124928K, used 124476K [0x0000000080000000, 0x0000000087a00000, 0x00000000d5580000)
  object space 124928K, 99% used [0x0000000080000000,0x000000008798f210,0x0000000087a00000)
 Metaspace       used 68148K, committed 69888K, reserved 1114112K
  class space    used 8011K, committed 8768K, reserved 1048576K
}
Event: 86.694 GC heap before
{Heap before GC invocations=115 (full 3):
 PSYoungGen      total 15872K, used 15839K [0x00000000d5580000, 0x00000000d6880000, 0x0000000100000000)
  eden space 15360K, 99% used [0x00000000d5580000,0x00000000d647fc60,0x00000000d6480000)
  from space 512K, 93% used [0x00000000d6500000,0x00000000d6578020,0x00000000d6580000)
  to   space 1536K, 0% used [0x00000000d6700000,0x00000000d6700000,0x00000000d6880000)
 ParOldGen       total 124928K, used 124476K [0x0000000080000000, 0x0000000087a00000, 0x00000000d5580000)
  object space 124928K, 99% used [0x0000000080000000,0x000000008798f210,0x0000000087a00000)
 Metaspace       used 68159K, committed 69888K, reserved 1114112K
  class space    used 8011K, committed 8768K, reserved 1048576K
}
Event: 86.696 GC heap after
{Heap after GC invocations=115 (full 3):
 PSYoungGen      total 16384K, used 1524K [0x00000000d5580000, 0x00000000d6a80000, 0x0000000100000000)
  eden space 14848K, 0% used [0x00000000d5580000,0x00000000d5580000,0x00000000d6400000)
  from space 1536K, 99% used [0x00000000d6700000,0x00000000d687d0b8,0x00000000d6880000)
  to   space 3072K, 0% used [0x00000000d6400000,0x00000000d6400000,0x00000000d6700000)
 ParOldGen       total 125952K, used 125444K [0x0000000080000000, 0x0000000087b00000, 0x00000000d5580000)
  object space 125952K, 99% used [0x0000000080000000,0x0000000087a81280,0x0000000087b00000)
 Metaspace       used 68159K, committed 69888K, reserved 1114112K
  class space    used 8011K, committed 8768K, reserved 1048576K
}
Event: 87.690 GC heap before
{Heap before GC invocations=116 (full 3):
 PSYoungGen      total 16384K, used 16372K [0x00000000d5580000, 0x00000000d6a80000, 0x0000000100000000)
  eden space 14848K, 100% used [0x00000000d5580000,0x00000000d6400000,0x00000000d6400000)
  from space 1536K, 99% used [0x00000000d6700000,0x00000000d687d0b8,0x00000000d6880000)
  to   space 3072K, 0% used [0x00000000d6400000,0x00000000d6400000,0x00000000d6700000)
 ParOldGen       total 125952K, used 125444K [0x0000000080000000, 0x0000000087b00000, 0x00000000d5580000)
  object space 125952K, 99% used [0x0000000080000000,0x0000000087a81280,0x0000000087b00000)
 Metaspace       used 68186K, committed 69888K, reserved 1114112K
  class space    used 8011K, committed 8768K, reserved 1048576K
}
Event: 87.692 GC heap after
{Heap after GC invocations=116 (full 3):
 PSYoungGen      total 15872K, used 624K [0x00000000d5580000, 0x00000000d6780000, 0x0000000100000000)
  eden space 14848K, 0% used [0x00000000d5580000,0x00000000d5580000,0x00000000d6400000)
  from space 1024K, 60% used [0x00000000d6400000,0x00000000d649c030,0x00000000d6500000)
  to   space 1536K, 0% used [0x00000000d6600000,0x00000000d6600000,0x00000000d6780000)
 ParOldGen       total 125952K, used 125944K [0x0000000080000000, 0x0000000087b00000, 0x00000000d5580000)
  object space 125952K, 99% used [0x0000000080000000,0x0000000087afe330,0x0000000087b00000)
 Metaspace       used 68186K, committed 69888K, reserved 1114112K
  class space    used 8011K, committed 8768K, reserved 1048576K
}
Event: 89.341 GC heap before
{Heap before GC invocations=117 (full 3):
 PSYoungGen      total 15872K, used 15470K [0x00000000d5580000, 0x00000000d6780000, 0x0000000100000000)
  eden space 14848K, 99% used [0x00000000d5580000,0x00000000d63ffae0,0x00000000d6400000)
  from space 1024K, 60% used [0x00000000d6400000,0x00000000d649c030,0x00000000d6500000)
  to   space 1536K, 0% used [0x00000000d6600000,0x00000000d6600000,0x00000000d6780000)
 ParOldGen       total 125952K, used 125944K [0x0000000080000000, 0x0000000087b00000, 0x00000000d5580000)
  object space 125952K, 99% used [0x0000000080000000,0x0000000087afe330,0x0000000087b00000)
 Metaspace       used 68195K, committed 69888K, reserved 1114112K
  class space    used 8011K, committed 8768K, reserved 1048576K
}
Event: 89.344 GC heap after
{Heap after GC invocations=117 (full 3):
 PSYoungGen      total 15360K, used 1524K [0x00000000d5580000, 0x00000000d6a00000, 0x0000000100000000)
  eden space 13824K, 0% used [0x00000000d5580000,0x00000000d5580000,0x00000000d6300000)
  from space 1536K, 99% used [0x00000000d6600000,0x00000000d677d0b8,0x00000000d6780000)
  to   space 3072K, 0% used [0x00000000d6300000,0x00000000d6300000,0x00000000d6600000)
 ParOldGen       total 126976K, used 126681K [0x0000000080000000, 0x0000000087c00000, 0x00000000d5580000)
  object space 126976K, 99% used [0x0000000080000000,0x0000000087bb6420,0x0000000087c00000)
 Metaspace       used 68195K, committed 69888K, reserved 1114112K
  class space    used 8011K, committed 8768K, reserved 1048576K
}
Event: 91.672 GC heap before
{Heap before GC invocations=118 (full 3):
 PSYoungGen      total 15360K, used 15348K [0x00000000d5580000, 0x00000000d6a00000, 0x0000000100000000)
  eden space 13824K, 99% used [0x00000000d5580000,0x00000000d62fffe8,0x00000000d6300000)
  from space 1536K, 99% used [0x00000000d6600000,0x00000000d677d0b8,0x00000000d6780000)
  to   space 3072K, 0% used [0x00000000d6300000,0x00000000d6300000,0x00000000d6600000)
 ParOldGen       total 126976K, used 126681K [0x0000000080000000, 0x0000000087c00000, 0x00000000d5580000)
  object space 126976K, 99% used [0x0000000080000000,0x0000000087bb6420,0x0000000087c00000)
 Metaspace       used 68286K, committed 69952K, reserved 1114112K
  class space    used 8021K, committed 8768K, reserved 1048576K
}
Event: 91.677 GC heap after
{Heap after GC invocations=118 (full 3):
 PSYoungGen      total 14848K, used 544K [0x00000000d5580000, 0x00000000d6680000, 0x0000000100000000)
  eden space 13824K, 0% used [0x00000000d5580000,0x00000000d5580000,0x00000000d6300000)
  from space 1024K, 53% used [0x00000000d6300000,0x00000000d6388020,0x00000000d6400000)
  to   space 1536K, 0% used [0x00000000d6500000,0x00000000d6500000,0x00000000d6680000)
 ParOldGen       total 126976K, used 126873K [0x0000000080000000, 0x0000000087c00000, 0x00000000d5580000)
  object space 126976K, 99% used [0x0000000080000000,0x0000000087be6440,0x0000000087c00000)
 Metaspace       used 68286K, committed 69952K, reserved 1114112K
  class space    used 8021K, committed 8768K, reserved 1048576K
}

