# JRE version: OpenJDK Runtime Environment Temurin-21.0.12.1+1 (21.0.12.1+1) (build 21.0.12.1+1-LTS)
# Java VM: OpenJDK 64-Bit Server VM Temurin-21.0.12.1+1 (21.0.12.1+1-LTS, mixed mode, sharing, tiered, compressed oops, compressed class ptrs, g1 gc, windows-amd64)
GC Precious Log:
 CardTable entry size: 512
 Card Set container configuration: InlinePtr #cards 5 size 8 Array Of Cards #cards 12 size 40 Howl #buckets 4 coarsen threshold 1843 Howl Bitmap #cards 512 size 80 coarsen threshold 460 Card regions per heap region 1 cards per card region 2048
 CPUs: 12 total, 12 available
 Memory: 7893M
 Large Page Support: Disabled
 NUMA Support: Disabled
 Compressed Oops: Enabled (32-bit)
 Heap Region Size: 1M
 Heap Min Capacity: 256M
 Heap Initial Capacity: 256M
 Heap Max Capacity: 512M
 Pre-touch: Disabled
 Parallel Workers: 10
 Concurrent Workers: 3
 Concurrent Refinement Workers: 10
 Periodic GC: Disabled
Heap:
 garbage-first heap   total 262144K, used 150266K [0x00000000e0000000, 0x0000000100000000)
  region size 1024K, 99 young (101376K), 4 survivors (4096K)
 Metaspace       used 65698K, committed 67968K, reserved 393216K
  class space    used 9755K, committed 10880K, reserved 327680K
GC Heap History (16 events):
Event: 1.175 GC heap before
{Heap before GC invocations=0 (full 0):
 garbage-first heap   total 262144K, used 23552K [0x00000000e0000000, 0x0000000100000000)
  region size 1024K, 23 young (23552K), 0 survivors (0K)
 Metaspace       used 918K, committed 1088K, reserved 393216K
  class space    used 76K, committed 128K, reserved 327680K
}
Event: 1.180 GC heap after
{Heap after GC invocations=1 (full 0):
 garbage-first heap   total 262144K, used 1717K [0x00000000e0000000, 0x0000000100000000)
  region size 1024K, 2 young (2048K), 2 survivors (2048K)
 Metaspace       used 918K, committed 1088K, reserved 393216K
  class space    used 76K, committed 128K, reserved 327680K
}
Event: 3.929 GC heap before
{Heap before GC invocations=1 (full 0):
 garbage-first heap   total 262144K, used 41653K [0x00000000e0000000, 0x0000000100000000)
  region size 1024K, 38 young (38912K), 2 survivors (2048K)
 Metaspace       used 4605K, committed 4800K, reserved 393216K
  class space    used 588K, committed 704K, reserved 327680K
}
Event: 3.947 GC heap after
{Heap after GC invocations=2 (full 0):
 garbage-first heap   total 262144K, used 11642K [0x00000000e0000000, 0x0000000100000000)
  region size 1024K, 5 young (5120K), 5 survivors (5120K)
 Metaspace       used 4605K, committed 4800K, reserved 393216K
  class space    used 588K, committed 704K, reserved 327680K
}
Event: 21.784 GC heap before
{Heap before GC invocations=2 (full 0):
 garbage-first heap   total 262144K, used 150906K [0x00000000e0000000, 0x0000000100000000)
  region size 1024K, 139 young (142336K), 5 survivors (5120K)
 Metaspace       used 20876K, committed 21504K, reserved 393216K
  class space    used 2895K, committed 3200K, reserved 327680K
}
Event: 21.815 GC heap after
{Heap after GC invocations=3 (full 0):
 garbage-first heap   total 262144K, used 23930K [0x00000000e0000000, 0x0000000100000000)
  region size 1024K, 16 young (16384K), 16 survivors (16384K)
 Metaspace       used 20876K, committed 21504K, reserved 393216K
  class space    used 2895K, committed 3200K, reserved 327680K
}
Event: 30.905 GC heap before
{Heap before GC invocations=4 (full 0):
 garbage-first heap   total 262144K, used 129402K [0x00000000e0000000, 0x0000000100000000)
  region size 1024K, 121 young (123904K), 16 survivors (16384K)
 Metaspace       used 34659K, committed 35968K, reserved 393216K
  class space    used 5065K, committed 5696K, reserved 327680K
}
Event: 30.930 GC heap after
{Heap after GC invocations=5 (full 0):
 garbage-first heap   total 262144K, used 30936K [0x00000000e0000000, 0x0000000100000000)
  region size 1024K, 7 young (7168K), 7 survivors (7168K)
 Metaspace       used 34659K, committed 35968K, reserved 393216K
  class space    used 5065K, committed 5696K, reserved 327680K
}
Event: 57.793 GC heap before
{Heap before GC invocations=6 (full 0):
 garbage-first heap   total 262144K, used 180440K [0x00000000e0000000, 0x0000000100000000)
  region size 1024K, 153 young (156672K), 7 survivors (7168K)
 Metaspace       used 49511K, committed 51264K, reserved 393216K
  class space    used 7298K, committed 8128K, reserved 327680K
}
Event: 57.895 GC heap after
{Heap after GC invocations=7 (full 0):
 garbage-first heap   total 262144K, used 37762K [0x00000000e0000000, 0x0000000100000000)
  region size 1024K, 14 young (14336K), 14 survivors (14336K)
 Metaspace       used 49511K, committed 51264K, reserved 393216K
  class space    used 7298K, committed 8128K, reserved 327680K
}
Event: 91.624 GC heap before
{Heap before GC invocations=7 (full 0):
 garbage-first heap   total 262144K, used 166786K [0x00000000e0000000, 0x0000000100000000)
  region size 1024K, 142 young (145408K), 14 survivors (14336K)
 Metaspace       used 58052K, committed 60096K, reserved 393216K
  class space    used 8624K, committed 9600K, reserved 327680K
}
Event: 91.703 GC heap after
{Heap after GC invocations=8 (full 0):
 garbage-first heap   total 262144K, used 46060K [0x00000000e0000000, 0x0000000100000000)
  region size 1024K, 17 young (17408K), 17 survivors (17408K)
 Metaspace       used 58052K, committed 60096K, reserved 393216K
  class space    used 8624K, committed 9600K, reserved 327680K
}
Event: 202.334 GC heap before
{Heap before GC invocations=9 (full 0):
 garbage-first heap   total 262144K, used 185324K [0x00000000e0000000, 0x0000000100000000)
  region size 1024K, 153 young (156672K), 17 survivors (17408K)
 Metaspace       used 64605K, committed 66816K, reserved 393216K
  class space    used 9673K, committed 10752K, reserved 327680K
}
Event: 202.582 GC heap after
{Heap after GC invocations=10 (full 0):
 garbage-first heap   total 262144K, used 53278K [0x00000000e0000000, 0x0000000100000000)
  region size 1024K, 17 young (17408K), 17 survivors (17408K)
 Metaspace       used 64605K, committed 66816K, reserved 393216K
  class space    used 9673K, committed 10752K, reserved 327680K
}
Event: 239.960 GC heap before
{Heap before GC invocations=10 (full 0):
 garbage-first heap   total 262144K, used 110622K [0x00000000e0000000, 0x0000000100000000)
  region size 1024K, 73 young (74752K), 17 survivors (17408K)
 Metaspace       used 65280K, committed 67584K, reserved 393216K
  class space    used 9749K, committed 10880K, reserved 327680K
}
Event: 240.096 GC heap after
{Heap after GC invocations=11 (full 0):
 garbage-first heap   total 262144K, used 54010K [0x00000000e0000000, 0x0000000100000000)
  region size 1024K, 4 young (4096K), 4 survivors (4096K)
 Metaspace       used 65280K, committed 67584K, reserved 393216K
  class space    used 9749K, committed 10880K, reserved 327680K
}

