# JRE version: OpenJDK Runtime Environment Temurin-21.0.12.1+1 (21.0.12.1+1) (build 21.0.12.1+1-LTS)
# Java VM: OpenJDK 64-Bit Server VM Temurin-21.0.12.1+1 (21.0.12.1+1-LTS, mixed mode, sharing, tiered, compressed oops, compressed class ptrs, parallel gc, windows-amd64)
GC Precious Log:
 CardTable entry size: 512
 CPUs: 12 total, 12 available
 Memory: 7893M
 Large Page Support: Disabled
 NUMA Support: Disabled
 Compressed Oops: Enabled (32-bit)
 Alignments: Space 512K, Generation 512K, Heap 2M
 Heap Min Capacity: 100M
 Heap Initial Capacity: 100M
 Heap Max Capacity: 2G
 Pre-touch: Disabled
 Parallel Workers: 10
Heap:
 PSYoungGen      total 8192K, used 6707K [0x00000000d5580000, 0x00000000d6100000, 0x0000000100000000)
  eden space 7680K, 81% used [0x00000000d5580000,0x00000000d5b9cf38,0x00000000d5d00000)
  from space 512K, 87% used [0x00000000d6080000,0x00000000d60f0020,0x00000000d6100000)
  to   space 1536K, 0% used [0x00000000d5e00000,0x00000000d5e00000,0x00000000d5f80000)
 ParOldGen       total 130560K, used 130160K [0x0000000080000000, 0x0000000087f80000, 0x00000000d5580000)
  object space 130560K, 99% used [0x0000000080000000,0x0000000087f1c358,0x0000000087f80000)
 Metaspace       used 71253K, committed 72832K, reserved 1114112K
  class space    used 8254K, committed 8960K, reserved 1048576K
GC Heap History (20 events):
Event: 152.693 GC heap before
{Heap before GC invocations=112 (full 3):
 PSYoungGen      total 10752K, used 10641K [0x00000000d5580000, 0x00000000d6400000, 0x0000000100000000)
  eden space 10240K, 99% used [0x00000000d5580000,0x00000000d5f7fc00,0x00000000d5f80000)
  from space 512K, 78% used [0x00000000d6380000,0x00000000d63e4b90,0x00000000d6400000)
  to   space 2048K, 0% used [0x00000000d6000000,0x00000000d6000000,0x00000000d6200000)
 ParOldGen       total 118784K, used 118728K [0x0000000080000000, 0x0000000087400000, 0x00000000d5580000)
  object space 118784K, 99% used [0x0000000080000000,0x00000000873f2200,0x0000000087400000)
 Metaspace       used 68307K, committed 69888K, reserved 1114112K
  class space    used 7943K, committed 8704K, reserved 1048576K
}
Event: 152.698 GC heap after
{Heap after GC invocations=112 (full 3):
 PSYoungGen      total 12288K, used 2020K [0x00000000d5580000, 0x00000000d6680000, 0x0000000100000000)
  eden space 10240K, 0% used [0x00000000d5580000,0x00000000d5580000,0x00000000d5f80000)
  from space 2048K, 98% used [0x00000000d6000000,0x00000000d61f90c8,0x00000000d6200000)
  to   space 3584K, 0% used [0x00000000d6300000,0x00000000d6300000,0x00000000d6680000)
 ParOldGen       total 119808K, used 119632K [0x0000000080000000, 0x0000000087500000, 0x00000000d5580000)
  object space 119808K, 99% used [0x0000000080000000,0x00000000874d4100,0x0000000087500000)
 Metaspace       used 68307K, committed 69888K, reserved 1114112K
  class space    used 7943K, committed 8704K, reserved 1048576K
}
Event: 153.511 GC heap before
{Heap before GC invocations=113 (full 3):
 PSYoungGen      total 12288K, used 12260K [0x00000000d5580000, 0x00000000d6680000, 0x0000000100000000)
  eden space 10240K, 100% used [0x00000000d5580000,0x00000000d5f80000,0x00000000d5f80000)
  from space 2048K, 98% used [0x00000000d6000000,0x00000000d61f90c8,0x00000000d6200000)
  to   space 3584K, 0% used [0x00000000d6300000,0x00000000d6300000,0x00000000d6680000)
 ParOldGen       total 119808K, used 119632K [0x0000000080000000, 0x0000000087500000, 0x00000000d5580000)
  object space 119808K, 99% used [0x0000000080000000,0x00000000874d4100,0x0000000087500000)
 Metaspace       used 68326K, committed 69888K, reserved 1114112K
  class space    used 7943K, committed 8704K, reserved 1048576K
}
Event: 153.523 GC heap after
{Heap after GC invocations=113 (full 3):
 PSYoungGen      total 12800K, used 3584K [0x00000000d5580000, 0x00000000d6880000, 0x0000000100000000)
  eden space 9216K, 0% used [0x00000000d5580000,0x00000000d5580000,0x00000000d5e80000)
  from space 3584K, 100% used [0x00000000d6300000,0x00000000d6680000,0x00000000d6680000)
  to   space 4608K, 0% used [0x00000000d5e80000,0x00000000d5e80000,0x00000000d6300000)
 ParOldGen       total 120320K, used 120228K [0x0000000080000000, 0x0000000087580000, 0x00000000d5580000)
  object space 120320K, 99% used [0x0000000080000000,0x0000000087569140,0x0000000087580000)
 Metaspace       used 68326K, committed 69888K, reserved 1114112K
  class space    used 7943K, committed 8704K, reserved 1048576K
}
Event: 155.374 GC heap before
{Heap before GC invocations=114 (full 3):
 PSYoungGen      total 12800K, used 12793K [0x00000000d5580000, 0x00000000d6880000, 0x0000000100000000)
  eden space 9216K, 99% used [0x00000000d5580000,0x00000000d5e7e640,0x00000000d5e80000)
  from space 3584K, 100% used [0x00000000d6300000,0x00000000d6680000,0x00000000d6680000)
  to   space 4608K, 0% used [0x00000000d5e80000,0x00000000d5e80000,0x00000000d6300000)
 ParOldGen       total 120320K, used 120228K [0x0000000080000000, 0x0000000087580000, 0x00000000d5580000)
  object space 120320K, 99% used [0x0000000080000000,0x0000000087569140,0x0000000087580000)
 Metaspace       used 68572K, committed 70144K, reserved 1114112K
  class space    used 7957K, committed 8704K, reserved 1048576K
}
Event: 155.387 GC heap after
{Heap after GC invocations=114 (full 3):
 PSYoungGen      total 11264K, used 1972K [0x00000000d5580000, 0x00000000d6480000, 0x0000000100000000)
  eden space 9216K, 0% used [0x00000000d5580000,0x00000000d5580000,0x00000000d5e80000)
  from space 2048K, 96% used [0x00000000d5e80000,0x00000000d606d0b8,0x00000000d6080000)
  to   space 3072K, 0% used [0x00000000d6180000,0x00000000d6180000,0x00000000d6480000)
 ParOldGen       total 123904K, used 123708K [0x0000000080000000, 0x0000000087900000, 0x00000000d5580000)
  object space 123904K, 99% used [0x0000000080000000,0x00000000878cf140,0x0000000087900000)
 Metaspace       used 68572K, committed 70144K, reserved 1114112K
  class space    used 7957K, committed 8704K, reserved 1048576K
}
Event: 160.456 GC heap before
{Heap before GC invocations=115 (full 3):
 PSYoungGen      total 11264K, used 11188K [0x00000000d5580000, 0x00000000d6480000, 0x0000000100000000)
  eden space 9216K, 100% used [0x00000000d5580000,0x00000000d5e80000,0x00000000d5e80000)
  from space 2048K, 96% used [0x00000000d5e80000,0x00000000d606d0b8,0x00000000d6080000)
  to   space 3072K, 0% used [0x00000000d6180000,0x00000000d6180000,0x00000000d6480000)
 ParOldGen       total 123904K, used 123708K [0x0000000080000000, 0x0000000087900000, 0x00000000d5580000)
  object space 123904K, 99% used [0x0000000080000000,0x00000000878cf140,0x0000000087900000)
 Metaspace       used 69113K, committed 70656K, reserved 1114112K
  class space    used 8024K, committed 8768K, reserved 1048576K
}
Event: 160.474 GC heap after
{Heap after GC invocations=115 (full 3):
 PSYoungGen      total 10240K, used 805K [0x00000000d5580000, 0x00000000d6280000, 0x0000000100000000)
  eden space 9216K, 0% used [0x00000000d5580000,0x00000000d5580000,0x00000000d5e80000)
  from space 1024K, 78% used [0x00000000d6180000,0x00000000d6249480,0x00000000d6280000)
  to   space 1536K, 0% used [0x00000000d5f80000,0x00000000d5f80000,0x00000000d6100000)
 ParOldGen       total 124416K, used 123972K [0x0000000080000000, 0x0000000087980000, 0x00000000d5580000)
  object space 124416K, 99% used [0x0000000080000000,0x0000000087911140,0x0000000087980000)
 Metaspace       used 69113K, committed 70656K, reserved 1114112K
  class space    used 8024K, committed 8768K, reserved 1048576K
}
Event: 164.979 GC heap before
{Heap before GC invocations=116 (full 3):
 PSYoungGen      total 10240K, used 10021K [0x00000000d5580000, 0x00000000d6280000, 0x0000000100000000)
  eden space 9216K, 100% used [0x00000000d5580000,0x00000000d5e80000,0x00000000d5e80000)
  from space 1024K, 78% used [0x00000000d6180000,0x00000000d6249480,0x00000000d6280000)
  to   space 1536K, 0% used [0x00000000d5f80000,0x00000000d5f80000,0x00000000d6100000)
 ParOldGen       total 124416K, used 123972K [0x0000000080000000, 0x0000000087980000, 0x00000000d5580000)
  object space 124416K, 99% used [0x0000000080000000,0x0000000087911140,0x0000000087980000)
 Metaspace       used 70179K, committed 71808K, reserved 1114112K
  class space    used 8163K, committed 8896K, reserved 1048576K
}
Event: 164.986 GC heap after
{Heap after GC invocations=116 (full 3):
 PSYoungGen      total 10752K, used 680K [0x00000000d5580000, 0x00000000d6200000, 0x0000000100000000)
  eden space 9216K, 0% used [0x00000000d5580000,0x00000000d5580000,0x00000000d5e80000)
  from space 1536K, 44% used [0x00000000d5f80000,0x00000000d602a028,0x00000000d6100000)
  to   space 1024K, 0% used [0x00000000d6100000,0x00000000d6100000,0x00000000d6200000)
 ParOldGen       total 124416K, used 124302K [0x0000000080000000, 0x0000000087980000, 0x00000000d5580000)
  object space 124416K, 99% used [0x0000000080000000,0x0000000087963b88,0x0000000087980000)
 Metaspace       used 70179K, committed 71808K, reserved 1114112K
  class space    used 8163K, committed 8896K, reserved 1048576K
}
Event: 168.938 GC heap before
{Heap before GC invocations=117 (full 3):
 PSYoungGen      total 10752K, used 9896K [0x00000000d5580000, 0x00000000d6200000, 0x0000000100000000)
  eden space 9216K, 100% used [0x00000000d5580000,0x00000000d5e80000,0x00000000d5e80000)
  from space 1536K, 44% used [0x00000000d5f80000,0x00000000d602a028,0x00000000d6100000)
  to   space 1024K, 0% used [0x00000000d6100000,0x00000000d6100000,0x00000000d6200000)
 ParOldGen       total 124416K, used 124302K [0x0000000080000000, 0x0000000087980000, 0x00000000d5580000)
  object space 124416K, 99% used [0x0000000080000000,0x0000000087963b88,0x0000000087980000)
 Metaspace       used 70692K, committed 72256K, reserved 1114112K
  class space    used 8228K, committed 8960K, reserved 1048576K
}
Event: 168.946 GC heap after
{Heap after GC invocations=117 (full 3):
 PSYoungGen      total 8704K, used 1018K [0x00000000d5580000, 0x00000000d6680000, 0x0000000100000000)
  eden space 7680K, 0% used [0x00000000d5580000,0x00000000d5580000,0x00000000d5d00000)
  from space 1024K, 99% used [0x00000000d6100000,0x00000000d61fea70,0x00000000d6200000)
  to   space 4096K, 0% used [0x00000000d5d00000,0x00000000d5d00000,0x00000000d6100000)
 ParOldGen       total 126976K, used 126635K [0x0000000080000000, 0x0000000087c00000, 0x00000000d5580000)
  object space 126976K, 99% used [0x0000000080000000,0x0000000087baafe0,0x0000000087c00000)
 Metaspace       used 70692K, committed 72256K, reserved 1114112K
  class space    used 8228K, committed 8960K, reserved 1048576K
}
Event: 170.923 GC heap before
{Heap before GC invocations=118 (full 3):
 PSYoungGen      total 8704K, used 8698K [0x00000000d5580000, 0x00000000d6680000, 0x0000000100000000)
  eden space 7680K, 99% used [0x00000000d5580000,0x00000000d5cfffe8,0x00000000d5d00000)
  from space 1024K, 99% used [0x00000000d6100000,0x00000000d61fea70,0x00000000d6200000)
  to   space 4096K, 0% used [0x00000000d5d00000,0x00000000d5d00000,0x00000000d6100000)
 ParOldGen       total 126976K, used 126635K [0x0000000080000000, 0x0000000087c00000, 0x00000000d5580000)
  object space 126976K, 99% used [0x0000000080000000,0x0000000087baafe0,0x0000000087c00000)
 Metaspace       used 70768K, committed 72320K, reserved 1114112K
  class space    used 8236K, committed 8960K, reserved 1048576K
}
Event: 170.929 GC heap after
{Heap after GC invocations=118 (full 3):
 PSYoungGen      total 9728K, used 1568K [0x00000000d5580000, 0x00000000d6200000, 0x0000000100000000)
  eden space 7680K, 0% used [0x00000000d5580000,0x00000000d5580000,0x00000000d5d00000)
  from space 2048K, 76% used [0x00000000d5d00000,0x00000000d5e88000,0x00000000d5f00000)
  to   space 2560K, 0% used [0x00000000d5f80000,0x00000000d5f80000,0x00000000d6200000)
 ParOldGen       total 128000K, used 127608K [0x0000000080000000, 0x0000000087d00000, 0x00000000d5580000)
  object space 128000K, 99% used [0x0000000080000000,0x0000000087c9e328,0x0000000087d00000)
 Metaspace       used 70768K, committed 72320K, reserved 1114112K
  class space    used 8236K, committed 8960K, reserved 1048576K
}
Event: 172.394 GC heap before
{Heap before GC invocations=119 (full 3):
 PSYoungGen      total 9728K, used 9248K [0x00000000d5580000, 0x00000000d6200000, 0x0000000100000000)
  eden space 7680K, 100% used [0x00000000d5580000,0x00000000d5d00000,0x00000000d5d00000)
  from space 2048K, 76% used [0x00000000d5d00000,0x00000000d5e88000,0x00000000d5f00000)
  to   space 2560K, 0% used [0x00000000d5f80000,0x00000000d5f80000,0x00000000d6200000)
 ParOldGen       total 128000K, used 127608K [0x0000000080000000, 0x0000000087d00000, 0x00000000d5580000)
  object space 128000K, 99% used [0x0000000080000000,0x0000000087c9e328,0x0000000087d00000)
 Metaspace       used 70797K, committed 72384K, reserved 1114112K
  class space    used 8237K, committed 8960K, reserved 1048576K
}
Event: 172.411 GC heap after
{Heap after GC invocations=119 (full 3):
 PSYoungGen      total 9216K, used 1492K [0x00000000d5580000, 0x00000000d6100000, 0x0000000100000000)
  eden space 7680K, 0% used [0x00000000d5580000,0x00000000d5580000,0x00000000d5d00000)
  from space 1536K, 97% used [0x00000000d5f80000,0x00000000d60f50b8,0x00000000d6100000)
  to   space 2048K, 0% used [0x00000000d5d00000,0x00000000d5d00000,0x00000000d5f00000)
 ParOldGen       total 129536K, used 129048K [0x0000000080000000, 0x0000000087e80000, 0x00000000d5580000)
  object space 129536K, 99% used [0x0000000080000000,0x0000000087e06338,0x0000000087e80000)
 Metaspace       used 70797K, committed 72384K, reserved 1114112K
  class space    used 8237K, committed 8960K, reserved 1048576K
}
Event: 173.355 GC heap before
{Heap before GC invocations=120 (full 3):
 PSYoungGen      total 9216K, used 9172K [0x00000000d5580000, 0x00000000d6100000, 0x0000000100000000)
  eden space 7680K, 100% used [0x00000000d5580000,0x00000000d5d00000,0x00000000d5d00000)
  from space 1536K, 97% used [0x00000000d5f80000,0x00000000d60f50b8,0x00000000d6100000)
  to   space 2048K, 0% used [0x00000000d5d00000,0x00000000d5d00000,0x00000000d5f00000)
 ParOldGen       total 129536K, used 129048K [0x0000000080000000, 0x0000000087e80000, 0x00000000d5580000)
  object space 129536K, 99% used [0x0000000080000000,0x0000000087e06338,0x0000000087e80000)
 Metaspace       used 70837K, committed 72384K, reserved 1114112K
  class space    used 8239K, committed 8960K, reserved 1048576K
}
Event: 173.361 GC heap after
{Heap after GC invocations=120 (full 3):
 PSYoungGen      total 9728K, used 2031K [0x00000000d5580000, 0x00000000d6400000, 0x0000000100000000)
  eden space 7680K, 0% used [0x00000000d5580000,0x00000000d5580000,0x00000000d5d00000)
  from space 2048K, 99% used [0x00000000d5d00000,0x00000000d5efbe90,0x00000000d5f00000)
  to   space 3584K, 0% used [0x00000000d6080000,0x00000000d6080000,0x00000000d6400000)
 ParOldGen       total 130048K, used 130008K [0x0000000080000000, 0x0000000087f00000, 0x00000000d5580000)
  object space 130048K, 99% used [0x0000000080000000,0x0000000087ef6338,0x0000000087f00000)
 Metaspace       used 70837K, committed 72384K, reserved 1114112K
  class space    used 8239K, committed 8960K, reserved 1048576K
}
Event: 174.905 GC heap before
{Heap before GC invocations=121 (full 3):
 PSYoungGen      total 9728K, used 9711K [0x00000000d5580000, 0x00000000d6400000, 0x0000000100000000)
  eden space 7680K, 100% used [0x00000000d5580000,0x00000000d5d00000,0x00000000d5d00000)
  from space 2048K, 99% used [0x00000000d5d00000,0x00000000d5efbe90,0x00000000d5f00000)
  to   space 3584K, 0% used [0x00000000d6080000,0x00000000d6080000,0x00000000d6400000)
 ParOldGen       total 130048K, used 130008K [0x0000000080000000, 0x0000000087f00000, 0x00000000d5580000)
  object space 130048K, 99% used [0x0000000080000000,0x0000000087ef6338,0x0000000087f00000)
 Metaspace       used 71174K, committed 72704K, reserved 1114112K
  class space    used 8243K, committed 8960K, reserved 1048576K
}
Event: 174.921 GC heap after
{Heap after GC invocations=121 (full 3):
 PSYoungGen      total 8192K, used 448K [0x00000000d5580000, 0x00000000d6100000, 0x0000000100000000)
  eden space 7680K, 0% used [0x00000000d5580000,0x00000000d5580000,0x00000000d5d00000)
  from space 512K, 87% used [0x00000000d6080000,0x00000000d60f0020,0x00000000d6100000)
  to   space 1536K, 0% used [0x00000000d5e00000,0x00000000d5e00000,0x00000000d5f80000)
 ParOldGen       total 130560K, used 130160K [0x0000000080000000, 0x0000000087f80000, 0x00000000d5580000)
  object space 130560K, 99% used [0x0000000080000000,0x0000000087f1c358,0x0000000087f80000)
 Metaspace       used 71174K, committed 72704K, reserved 1114112K
  class space    used 8243K, committed 8960K, reserved 1048576K
}

