# JRE version: OpenJDK Runtime Environment Temurin-21.0.12.1+1 (21.0.12.1+1) (build 21.0.12.1+1-LTS)
# Java VM: OpenJDK 64-Bit Server VM Temurin-21.0.12.1+1 (21.0.12.1+1-LTS, mixed mode, sharing, tiered, compressed oops, compressed class ptrs, parallel gc, windows-amd64)
GC Precious Log:
 CardTable entry size: 512
 CPUs: 12 total, 12 available
 Memory: 7893M
 Large Page Support: Disabled
 NUMA Support: Disabled
 Compressed Oops: Enabled (32-bit)
 Alignments: Space 512K, Generation 512K, Heap 2M
 Heap Min Capacity: 100M
 Heap Initial Capacity: 100M
 Heap Max Capacity: 2G
 Pre-touch: Disabled
 Parallel Workers: 10
Heap:
 PSYoungGen      total 24064K, used 14578K [0x00000000d5580000, 0x00000000d7180000, 0x0000000100000000)
  eden space 22016K, 56% used [0x00000000d5580000,0x00000000d61c0b40,0x00000000d6b00000)
  from space 2048K, 99% used [0x00000000d6d80000,0x00000000d6f7c010,0x00000000d6f80000)
  to   space 1536K, 0% used [0x00000000d7000000,0x00000000d7000000,0x00000000d7180000)
 ParOldGen       total 68608K, used 20710K [0x0000000080000000, 0x0000000084300000, 0x00000000d5580000)
  object space 68608K, 30% used [0x0000000080000000,0x00000000814398b0,0x0000000084300000)
 Metaspace       used 40888K, committed 42048K, reserved 1114112K
  class space    used 4383K, committed 4864K, reserved 1048576K
GC Heap History (20 events):
Event: 50.813 GC heap before
{Heap before GC invocations=8 (full 1):
 PSYoungGen      total 30208K, used 5258K [0x00000000d5580000, 0x00000000d7880000, 0x0000000100000000)
  eden space 24576K, 0% used [0x00000000d5580000,0x00000000d5580000,0x00000000d6d80000)
  from space 5632K, 93% used [0x00000000d6d80000,0x00000000d72a2b48,0x00000000d7300000)
  to   space 5632K, 0% used [0x00000000d7300000,0x00000000d7300000,0x00000000d7880000)
 ParOldGen       total 68608K, used 10171K [0x0000000080000000, 0x0000000084300000, 0x00000000d5580000)
  object space 68608K, 14% used [0x0000000080000000,0x00000000809eee20,0x0000000084300000)
 Metaspace       used 20647K, committed 21504K, reserved 1114112K
  class space    used 2168K, committed 2560K, reserved 1048576K
}
Event: 50.932 GC heap after
{Heap after GC invocations=8 (full 1):
 PSYoungGen      total 30208K, used 0K [0x00000000d5580000, 0x00000000d7880000, 0x0000000100000000)
  eden space 24576K, 0% used [0x00000000d5580000,0x00000000d5580000,0x00000000d6d80000)
  from space 5632K, 0% used [0x00000000d6d80000,0x00000000d6d80000,0x00000000d7300000)
  to   space 5632K, 0% used [0x00000000d7300000,0x00000000d7300000,0x00000000d7880000)
 ParOldGen       total 68608K, used 13621K [0x0000000080000000, 0x0000000084300000, 0x00000000d5580000)
  object space 68608K, 19% used [0x0000000080000000,0x0000000080d4d518,0x0000000084300000)
 Metaspace       used 20634K, committed 21504K, reserved 1114112K
  class space    used 2165K, committed 2560K, reserved 1048576K
}
Event: 52.241 GC heap before
{Heap before GC invocations=9 (full 1):
 PSYoungGen      total 30208K, used 24568K [0x00000000d5580000, 0x00000000d7880000, 0x0000000100000000)
  eden space 24576K, 99% used [0x00000000d5580000,0x00000000d6d7e068,0x00000000d6d80000)
  from space 5632K, 0% used [0x00000000d6d80000,0x00000000d6d80000,0x00000000d7300000)
  to   space 5632K, 0% used [0x00000000d7300000,0x00000000d7300000,0x00000000d7880000)
 ParOldGen       total 68608K, used 13621K [0x0000000080000000, 0x0000000084300000, 0x00000000d5580000)
  object space 68608K, 19% used [0x0000000080000000,0x0000000080d4d518,0x0000000084300000)
 Metaspace       used 22843K, committed 23680K, reserved 1114112K
  class space    used 2341K, committed 2688K, reserved 1048576K
}
Event: 52.244 GC heap after
{Heap after GC invocations=9 (full 1):
 PSYoungGen      total 26112K, used 1599K [0x00000000d5580000, 0x00000000d7500000, 0x0000000100000000)
  eden space 24064K, 0% used [0x00000000d5580000,0x00000000d5580000,0x00000000d6d00000)
  from space 2048K, 78% used [0x00000000d7300000,0x00000000d748ffe8,0x00000000d7500000)
  to   space 3072K, 0% used [0x00000000d6f00000,0x00000000d6f00000,0x00000000d7200000)
 ParOldGen       total 68608K, used 13629K [0x0000000080000000, 0x0000000084300000, 0x00000000d5580000)
  object space 68608K, 19% used [0x0000000080000000,0x0000000080d4f518,0x0000000084300000)
 Metaspace       used 22843K, committed 23680K, reserved 1114112K
  class space    used 2341K, committed 2688K, reserved 1048576K
}
Event: 53.138 GC heap before
{Heap before GC invocations=10 (full 1):
 PSYoungGen      total 26112K, used 25663K [0x00000000d5580000, 0x00000000d7500000, 0x0000000100000000)
  eden space 24064K, 100% used [0x00000000d5580000,0x00000000d6d00000,0x00000000d6d00000)
  from space 2048K, 78% used [0x00000000d7300000,0x00000000d748ffe8,0x00000000d7500000)
  to   space 3072K, 0% used [0x00000000d6f00000,0x00000000d6f00000,0x00000000d7200000)
 ParOldGen       total 68608K, used 13629K [0x0000000080000000, 0x0000000084300000, 0x00000000d5580000)
  object space 68608K, 19% used [0x0000000080000000,0x0000000080d4f518,0x0000000084300000)
 Metaspace       used 26534K, committed 27456K, reserved 1114112K
  class space    used 2707K, committed 3136K, reserved 1048576K
}
Event: 53.141 GC heap after
{Heap after GC invocations=10 (full 1):
 PSYoungGen      total 25600K, used 1677K [0x00000000d5580000, 0x00000000d7380000, 0x0000000100000000)
  eden space 23552K, 0% used [0x00000000d5580000,0x00000000d5580000,0x00000000d6c80000)
  from space 2048K, 81% used [0x00000000d6f00000,0x00000000d70a3558,0x00000000d7100000)
  to   space 2048K, 0% used [0x00000000d7180000,0x00000000d7180000,0x00000000d7380000)
 ParOldGen       total 68608K, used 13637K [0x0000000080000000, 0x0000000084300000, 0x00000000d5580000)
  object space 68608K, 19% used [0x0000000080000000,0x0000000080d51518,0x0000000084300000)
 Metaspace       used 26534K, committed 27456K, reserved 1114112K
  class space    used 2707K, committed 3136K, reserved 1048576K
}
Event: 53.657 GC heap before
{Heap before GC invocations=11 (full 1):
 PSYoungGen      total 25600K, used 25227K [0x00000000d5580000, 0x00000000d7380000, 0x0000000100000000)
  eden space 23552K, 99% used [0x00000000d5580000,0x00000000d6c7f6e0,0x00000000d6c80000)
  from space 2048K, 81% used [0x00000000d6f00000,0x00000000d70a3558,0x00000000d7100000)
  to   space 2048K, 0% used [0x00000000d7180000,0x00000000d7180000,0x00000000d7380000)
 ParOldGen       total 68608K, used 13637K [0x0000000080000000, 0x0000000084300000, 0x00000000d5580000)
  object space 68608K, 19% used [0x0000000080000000,0x0000000080d51518,0x0000000084300000)
 Metaspace       used 29454K, committed 30400K, reserved 1114112K
  class space    used 3022K, committed 3456K, reserved 1048576K
}
Event: 53.664 GC heap after
{Heap after GC invocations=11 (full 1):
 PSYoungGen      total 24576K, used 1385K [0x00000000d5580000, 0x00000000d7300000, 0x0000000100000000)
  eden space 23040K, 0% used [0x00000000d5580000,0x00000000d5580000,0x00000000d6c00000)
  from space 1536K, 90% used [0x00000000d7180000,0x00000000d72da4e0,0x00000000d7300000)
  to   space 1536K, 0% used [0x00000000d7000000,0x00000000d7000000,0x00000000d7180000)
 ParOldGen       total 68608K, used 15966K [0x0000000080000000, 0x0000000084300000, 0x00000000d5580000)
  object space 68608K, 23% used [0x0000000080000000,0x0000000080f97b98,0x0000000084300000)
 Metaspace       used 29454K, committed 30400K, reserved 1114112K
  class space    used 3022K, committed 3456K, reserved 1048576K
}
Event: 54.404 GC heap before
{Heap before GC invocations=12 (full 1):
 PSYoungGen      total 24576K, used 24425K [0x00000000d5580000, 0x00000000d7300000, 0x0000000100000000)
  eden space 23040K, 100% used [0x00000000d5580000,0x00000000d6c00000,0x00000000d6c00000)
  from space 1536K, 90% used [0x00000000d7180000,0x00000000d72da4e0,0x00000000d7300000)
  to   space 1536K, 0% used [0x00000000d7000000,0x00000000d7000000,0x00000000d7180000)
 ParOldGen       total 68608K, used 15966K [0x0000000080000000, 0x0000000084300000, 0x00000000d5580000)
  object space 68608K, 23% used [0x0000000080000000,0x0000000080f97b98,0x0000000084300000)
 Metaspace       used 30442K, committed 31360K, reserved 1114112K
  class space    used 3122K, committed 3520K, reserved 1048576K
}
Event: 54.408 GC heap after
{Heap after GC invocations=12 (full 1):
 PSYoungGen      total 23552K, used 764K [0x00000000d5580000, 0x00000000d7200000, 0x0000000100000000)
  eden space 22528K, 0% used [0x00000000d5580000,0x00000000d5580000,0x00000000d6b80000)
  from space 1024K, 74% used [0x00000000d7000000,0x00000000d70bf350,0x00000000d7100000)
  to   space 1024K, 0% used [0x00000000d7100000,0x00000000d7100000,0x00000000d7200000)
 ParOldGen       total 68608K, used 16857K [0x0000000080000000, 0x0000000084300000, 0x00000000d5580000)
  object space 68608K, 24% used [0x0000000080000000,0x0000000081076460,0x0000000084300000)
 Metaspace       used 30442K, committed 31360K, reserved 1114112K
  class space    used 3122K, committed 3520K, reserved 1048576K
}
Event: 55.147 GC heap before
{Heap before GC invocations=13 (full 1):
 PSYoungGen      total 23552K, used 23292K [0x00000000d5580000, 0x00000000d7200000, 0x0000000100000000)
  eden space 22528K, 100% used [0x00000000d5580000,0x00000000d6b80000,0x00000000d6b80000)
  from space 1024K, 74% used [0x00000000d7000000,0x00000000d70bf350,0x00000000d7100000)
  to   space 1024K, 0% used [0x00000000d7100000,0x00000000d7100000,0x00000000d7200000)
 ParOldGen       total 68608K, used 16857K [0x0000000080000000, 0x0000000084300000, 0x00000000d5580000)
  object space 68608K, 24% used [0x0000000080000000,0x00000000810764d0,0x0000000084300000)
 Metaspace       used 32366K, committed 33344K, reserved 1114112K
  class space    used 3326K, committed 3776K, reserved 1048576K
}
Event: 55.150 GC heap after
{Heap after GC invocations=13 (full 1):
 PSYoungGen      total 23552K, used 994K [0x00000000d5580000, 0x00000000d7200000, 0x0000000100000000)
  eden space 22528K, 0% used [0x00000000d5580000,0x00000000d5580000,0x00000000d6b80000)
  from space 1024K, 97% used [0x00000000d7100000,0x00000000d71f8a30,0x00000000d7200000)
  to   space 2048K, 0% used [0x00000000d6e00000,0x00000000d6e00000,0x00000000d7000000)
 ParOldGen       total 68608K, used 17417K [0x0000000080000000, 0x0000000084300000, 0x00000000d5580000)
  object space 68608K, 25% used [0x0000000080000000,0x0000000081102510,0x0000000084300000)
 Metaspace       used 32366K, committed 33344K, reserved 1114112K
  class space    used 3326K, committed 3776K, reserved 1048576K
}
Event: 55.813 GC heap before
{Heap before GC invocations=14 (full 1):
 PSYoungGen      total 23552K, used 20875K [0x00000000d5580000, 0x00000000d7200000, 0x0000000100000000)
  eden space 22528K, 88% used [0x00000000d5580000,0x00000000d68ea3f8,0x00000000d6b80000)
  from space 1024K, 97% used [0x00000000d7100000,0x00000000d71f8a30,0x00000000d7200000)
  to   space 2048K, 0% used [0x00000000d6e00000,0x00000000d6e00000,0x00000000d7000000)
 ParOldGen       total 68608K, used 17417K [0x0000000080000000, 0x0000000084300000, 0x00000000d5580000)
  object space 68608K, 25% used [0x0000000080000000,0x0000000081102510,0x0000000084300000)
 Metaspace       used 34878K, committed 35840K, reserved 1114112K
  class space    used 3614K, committed 4032K, reserved 1048576K
}
Event: 55.818 GC heap after
{Heap after GC invocations=14 (full 1):
 PSYoungGen      total 24576K, used 1133K [0x00000000d5580000, 0x00000000d7180000, 0x0000000100000000)
  eden space 22528K, 0% used [0x00000000d5580000,0x00000000d5580000,0x00000000d6b80000)
  from space 2048K, 55% used [0x00000000d6e00000,0x00000000d6f1b460,0x00000000d7000000)
  to   space 1536K, 0% used [0x00000000d7000000,0x00000000d7000000,0x00000000d7180000)
 ParOldGen       total 68608K, used 18345K [0x0000000080000000, 0x0000000084300000, 0x00000000d5580000)
  object space 68608K, 26% used [0x0000000080000000,0x00000000811ea530,0x0000000084300000)
 Metaspace       used 34878K, committed 35840K, reserved 1114112K
  class space    used 3614K, committed 4032K, reserved 1048576K
}
Event: 55.818 GC heap before
{Heap before GC invocations=15 (full 2):
 PSYoungGen      total 24576K, used 1133K [0x00000000d5580000, 0x00000000d7180000, 0x0000000100000000)
  eden space 22528K, 0% used [0x00000000d5580000,0x00000000d5580000,0x00000000d6b80000)
  from space 2048K, 55% used [0x00000000d6e00000,0x00000000d6f1b460,0x00000000d7000000)
  to   space 1536K, 0% used [0x00000000d7000000,0x00000000d7000000,0x00000000d7180000)
 ParOldGen       total 68608K, used 18345K [0x0000000080000000, 0x0000000084300000, 0x00000000d5580000)
  object space 68608K, 26% used [0x0000000080000000,0x00000000811ea530,0x0000000084300000)
 Metaspace       used 34878K, committed 35840K, reserved 1114112K
  class space    used 3614K, committed 4032K, reserved 1048576K
}
Event: 55.919 GC heap after
{Heap after GC invocations=15 (full 2):
 PSYoungGen      total 24576K, used 0K [0x00000000d5580000, 0x00000000d7180000, 0x0000000100000000)
  eden space 22528K, 0% used [0x00000000d5580000,0x00000000d5580000,0x00000000d6b80000)
  from space 2048K, 0% used [0x00000000d6e00000,0x00000000d6e00000,0x00000000d7000000)
  to   space 1536K, 0% used [0x00000000d7000000,0x00000000d7000000,0x00000000d7180000)
 ParOldGen       total 68608K, used 18808K [0x0000000080000000, 0x0000000084300000, 0x00000000d5580000)
  object space 68608K, 27% used [0x0000000080000000,0x000000008125e1a8,0x0000000084300000)
 Metaspace       used 34871K, committed 35840K, reserved 1114112K
  class space    used 3612K, committed 4032K, reserved 1048576K
}
Event: 56.508 GC heap before
{Heap before GC invocations=16 (full 2):
 PSYoungGen      total 24576K, used 22527K [0x00000000d5580000, 0x00000000d7180000, 0x0000000100000000)
  eden space 22528K, 99% used [0x00000000d5580000,0x00000000d6b7fff8,0x00000000d6b80000)
  from space 2048K, 0% used [0x00000000d6e00000,0x00000000d6e00000,0x00000000d7000000)
  to   space 1536K, 0% used [0x00000000d7000000,0x00000000d7000000,0x00000000d7180000)
 ParOldGen       total 68608K, used 18811K [0x0000000080000000, 0x0000000084300000, 0x00000000d5580000)
  object space 68608K, 27% used [0x0000000080000000,0x000000008125eda8,0x0000000084300000)
 Metaspace       used 37367K, committed 38400K, reserved 1114112K
  class space    used 3934K, committed 4352K, reserved 1048576K
}
Event: 56.512 GC heap after
{Heap after GC invocations=16 (full 2):
 PSYoungGen      total 23552K, used 1525K [0x00000000d5580000, 0x00000000d7180000, 0x0000000100000000)
  eden space 22016K, 0% used [0x00000000d5580000,0x00000000d5580000,0x00000000d6b00000)
  from space 1536K, 99% used [0x00000000d7000000,0x00000000d717d6b0,0x00000000d7180000)
  to   space 2048K, 0% used [0x00000000d6d80000,0x00000000d6d80000,0x00000000d6f80000)
 ParOldGen       total 68608K, used 19234K [0x0000000080000000, 0x0000000084300000, 0x00000000d5580000)
  object space 68608K, 28% used [0x0000000080000000,0x00000000812c8ae8,0x0000000084300000)
 Metaspace       used 37367K, committed 38400K, reserved 1114112K
  class space    used 3934K, committed 4352K, reserved 1048576K
}
Event: 57.492 GC heap before
{Heap before GC invocations=17 (full 2):
 PSYoungGen      total 23552K, used 23541K [0x00000000d5580000, 0x00000000d7180000, 0x0000000100000000)
  eden space 22016K, 100% used [0x00000000d5580000,0x00000000d6b00000,0x00000000d6b00000)
  from space 1536K, 99% used [0x00000000d7000000,0x00000000d717d6b0,0x00000000d7180000)
  to   space 2048K, 0% used [0x00000000d6d80000,0x00000000d6d80000,0x00000000d6f80000)
 ParOldGen       total 68608K, used 19234K [0x0000000080000000, 0x0000000084300000, 0x00000000d5580000)
  object space 68608K, 28% used [0x0000000080000000,0x00000000812c8ae8,0x0000000084300000)
 Metaspace       used 39555K, committed 40768K, reserved 1114112K
  class space    used 4195K, committed 4736K, reserved 1048576K
}
Event: 57.500 GC heap after
{Heap after GC invocations=17 (full 2):
 PSYoungGen      total 24064K, used 2032K [0x00000000d5580000, 0x00000000d7180000, 0x0000000100000000)
  eden space 22016K, 0% used [0x00000000d5580000,0x00000000d5580000,0x00000000d6b00000)
  from space 2048K, 99% used [0x00000000d6d80000,0x00000000d6f7c010,0x00000000d6f80000)
  to   space 1536K, 0% used [0x00000000d7000000,0x00000000d7000000,0x00000000d7180000)
 ParOldGen       total 68608K, used 20710K [0x0000000080000000, 0x0000000084300000, 0x00000000d5580000)
  object space 68608K, 30% used [0x0000000080000000,0x00000000814398b0,0x0000000084300000)
 Metaspace       used 39555K, committed 40768K, reserved 1114112K
  class space    used 4195K, committed 4736K, reserved 1048576K
}

