# JRE version: OpenJDK Runtime Environment Temurin-21.0.12.1+1 (21.0.12.1+1) (build 21.0.12.1+1-LTS)
# Java VM: OpenJDK 64-Bit Server VM Temurin-21.0.12.1+1 (21.0.12.1+1-LTS, mixed mode, sharing, tiered, compressed oops, compressed class ptrs, parallel gc, windows-amd64)
GC Precious Log:
 CardTable entry size: 512
 CPUs: 12 total, 12 available
 Memory: 7893M
 Large Page Support: Disabled
 NUMA Support: Disabled
 Compressed Oops: Enabled (32-bit)
 Alignments: Space 512K, Generation 512K, Heap 2M
 Heap Min Capacity: 100M
 Heap Initial Capacity: 100M
 Heap Max Capacity: 2G
 Pre-touch: Disabled
 Parallel Workers: 10
Heap:
 PSYoungGen      total 5632K, used 5632K [0x00000000d5580000, 0x00000000d5d00000, 0x0000000100000000)
  eden space 4096K, 100% used [0x00000000d5580000,0x00000000d5980000,0x00000000d5980000)
  from space 1536K, 100% used [0x00000000d5980000,0x00000000d5b00000,0x00000000d5b00000)
  to   space 1536K, 60% used [0x00000000d5b80000,0x00000000d5c68000,0x00000000d5d00000)
 ParOldGen       total 200192K, used 199801K [0x0000000080000000, 0x000000008c380000, 0x00000000d5580000)
  object space 200192K, 99% used [0x0000000080000000,0x000000008c31e510,0x000000008c380000)
 Metaspace       used 68857K, committed 70784K, reserved 1114112K
  class space    used 8201K, committed 9088K, reserved 1048576K
GC Heap History (20 events):
Event: 72.402 GC heap after
{Heap after GC invocations=210 (full 3):
 PSYoungGen      total 7168K, used 2224K [0x00000000d5580000, 0x00000000d5f00000, 0x0000000100000000)
  eden space 4608K, 0% used [0x00000000d5580000,0x00000000d5580000,0x00000000d5a00000)
  from space 2560K, 86% used [0x00000000d5a00000,0x00000000d5c2c010,0x00000000d5c80000)
  to   space 2560K, 0% used [0x00000000d5c80000,0x00000000d5c80000,0x00000000d5f00000)
 ParOldGen       total 190464K, used 190381K [0x0000000080000000, 0x000000008ba00000, 0x00000000d5580000)
  object space 190464K, 99% used [0x0000000080000000,0x000000008b9eb7d0,0x000000008ba00000)
 Metaspace       used 68786K, committed 70656K, reserved 1114112K
  class space    used 8201K, committed 9088K, reserved 1048576K
}
Event: 72.984 GC heap before
{Heap before GC invocations=211 (full 3):
 PSYoungGen      total 7168K, used 6831K [0x00000000d5580000, 0x00000000d5f00000, 0x0000000100000000)
  eden space 4608K, 99% used [0x00000000d5580000,0x00000000d59fff20,0x00000000d5a00000)
  from space 2560K, 86% used [0x00000000d5a00000,0x00000000d5c2c010,0x00000000d5c80000)
  to   space 2560K, 0% used [0x00000000d5c80000,0x00000000d5c80000,0x00000000d5f00000)
 ParOldGen       total 190464K, used 190381K [0x0000000080000000, 0x000000008ba00000, 0x00000000d5580000)
  object space 190464K, 99% used [0x0000000080000000,0x000000008b9eb7d0,0x000000008ba00000)
 Metaspace       used 68795K, committed 70656K, reserved 1114112K
  class space    used 8201K, committed 9088K, reserved 1048576K
}
Event: 72.992 GC heap after
{Heap after GC invocations=211 (full 3):
 PSYoungGen      total 5120K, used 512K [0x00000000d5580000, 0x00000000d5d00000, 0x0000000100000000)
  eden space 4608K, 0% used [0x00000000d5580000,0x00000000d5580000,0x00000000d5a00000)
  from space 512K, 100% used [0x00000000d5c80000,0x00000000d5d00000,0x00000000d5d00000)
  to   space 1536K, 0% used [0x00000000d5a00000,0x00000000d5a00000,0x00000000d5b80000)
 ParOldGen       total 192512K, used 192478K [0x0000000080000000, 0x000000008bc00000, 0x00000000d5580000)
  object space 192512K, 99% used [0x0000000080000000,0x000000008bbf7800,0x000000008bc00000)
 Metaspace       used 68795K, committed 70656K, reserved 1114112K
  class space    used 8201K, committed 9088K, reserved 1048576K
}
Event: 73.262 GC heap before
{Heap before GC invocations=212 (full 3):
 PSYoungGen      total 5120K, used 5119K [0x00000000d5580000, 0x00000000d5d00000, 0x0000000100000000)
  eden space 4608K, 99% used [0x00000000d5580000,0x00000000d59fffe8,0x00000000d5a00000)
  from space 512K, 100% used [0x00000000d5c80000,0x00000000d5d00000,0x00000000d5d00000)
  to   space 1536K, 0% used [0x00000000d5a00000,0x00000000d5a00000,0x00000000d5b80000)
 ParOldGen       total 192512K, used 192478K [0x0000000080000000, 0x000000008bc00000, 0x00000000d5580000)
  object space 192512K, 99% used [0x0000000080000000,0x000000008bbf7800,0x000000008bc00000)
 Metaspace       used 68804K, committed 70656K, reserved 1114112K
  class space    used 8201K, committed 9088K, reserved 1048576K
}
Event: 73.274 GC heap after
{Heap after GC invocations=212 (full 3):
 PSYoungGen      total 6144K, used 576K [0x00000000d5580000, 0x00000000d5d00000, 0x0000000100000000)
  eden space 4608K, 0% used [0x00000000d5580000,0x00000000d5580000,0x00000000d5a00000)
  from space 1536K, 37% used [0x00000000d5a00000,0x00000000d5a90000,0x00000000d5b80000)
  to   space 1024K, 0% used [0x00000000d5c00000,0x00000000d5c00000,0x00000000d5d00000)
 ParOldGen       total 193024K, used 192742K [0x0000000080000000, 0x000000008bc80000, 0x00000000d5580000)
  object space 193024K, 99% used [0x0000000080000000,0x000000008bc39820,0x000000008bc80000)
 Metaspace       used 68804K, committed 70656K, reserved 1114112K
  class space    used 8201K, committed 9088K, reserved 1048576K
}
Event: 73.429 GC heap before
{Heap before GC invocations=213 (full 3):
 PSYoungGen      total 6144K, used 5184K [0x00000000d5580000, 0x00000000d5d00000, 0x0000000100000000)
  eden space 4608K, 100% used [0x00000000d5580000,0x00000000d5a00000,0x00000000d5a00000)
  from space 1536K, 37% used [0x00000000d5a00000,0x00000000d5a90000,0x00000000d5b80000)
  to   space 1024K, 0% used [0x00000000d5c00000,0x00000000d5c00000,0x00000000d5d00000)
 ParOldGen       total 193024K, used 192742K [0x0000000080000000, 0x000000008bc80000, 0x00000000d5580000)
  object space 193024K, 99% used [0x0000000080000000,0x000000008bc39820,0x000000008bc80000)
 Metaspace       used 68809K, committed 70720K, reserved 1114112K
  class space    used 8201K, committed 9088K, reserved 1048576K
}
Event: 73.433 GC heap after
{Heap after GC invocations=213 (full 3):
 PSYoungGen      total 5120K, used 512K [0x00000000d5580000, 0x00000000d5c80000, 0x0000000100000000)
  eden space 4608K, 0% used [0x00000000d5580000,0x00000000d5580000,0x00000000d5a00000)
  from space 512K, 100% used [0x00000000d5c00000,0x00000000d5c80000,0x00000000d5c80000)
  to   space 1024K, 0% used [0x00000000d5a80000,0x00000000d5a80000,0x00000000d5b80000)
 ParOldGen       total 193536K, used 193046K [0x0000000080000000, 0x000000008bd00000, 0x00000000d5580000)
  object space 193536K, 99% used [0x0000000080000000,0x000000008bc85860,0x000000008bd00000)
 Metaspace       used 68809K, committed 70720K, reserved 1114112K
  class space    used 8201K, committed 9088K, reserved 1048576K
}
Event: 73.688 GC heap before
{Heap before GC invocations=214 (full 3):
 PSYoungGen      total 5120K, used 5119K [0x00000000d5580000, 0x00000000d5c80000, 0x0000000100000000)
  eden space 4608K, 99% used [0x00000000d5580000,0x00000000d59fffb0,0x00000000d5a00000)
  from space 512K, 100% used [0x00000000d5c00000,0x00000000d5c80000,0x00000000d5c80000)
  to   space 1024K, 0% used [0x00000000d5a80000,0x00000000d5a80000,0x00000000d5b80000)
 ParOldGen       total 193536K, used 193046K [0x0000000080000000, 0x000000008bd00000, 0x00000000d5580000)
  object space 193536K, 99% used [0x0000000080000000,0x000000008bc85860,0x000000008bd00000)
 Metaspace       used 68812K, committed 70720K, reserved 1114112K
  class space    used 8201K, committed 9088K, reserved 1048576K
}
Event: 73.692 GC heap after
{Heap after GC invocations=214 (full 3):
 PSYoungGen      total 5632K, used 480K [0x00000000d5580000, 0x00000000d5c80000, 0x0000000100000000)
  eden space 4608K, 0% used [0x00000000d5580000,0x00000000d5580000,0x00000000d5a00000)
  from space 1024K, 46% used [0x00000000d5a80000,0x00000000d5af8000,0x00000000d5b80000)
  to   space 512K, 0% used [0x00000000d5c00000,0x00000000d5c00000,0x00000000d5c80000)
 ParOldGen       total 193536K, used 193342K [0x0000000080000000, 0x000000008bd00000, 0x00000000d5580000)
  object space 193536K, 99% used [0x0000000080000000,0x000000008bccf8a0,0x000000008bd00000)
 Metaspace       used 68812K, committed 70720K, reserved 1114112K
  class space    used 8201K, committed 9088K, reserved 1048576K
}
Event: 73.949 GC heap before
{Heap before GC invocations=215 (full 3):
 PSYoungGen      total 5632K, used 5078K [0x00000000d5580000, 0x00000000d5c80000, 0x0000000100000000)
  eden space 4608K, 99% used [0x00000000d5580000,0x00000000d59fdae8,0x00000000d5a00000)
  from space 1024K, 46% used [0x00000000d5a80000,0x00000000d5af8000,0x00000000d5b80000)
  to   space 512K, 0% used [0x00000000d5c00000,0x00000000d5c00000,0x00000000d5c80000)
 ParOldGen       total 193536K, used 193342K [0x0000000080000000, 0x000000008bd00000, 0x00000000d5580000)
  object space 193536K, 99% used [0x0000000080000000,0x000000008bccf8a0,0x000000008bd00000)
 Metaspace       used 68819K, committed 70720K, reserved 1114112K
  class space    used 8201K, committed 9088K, reserved 1048576K
}
Event: 73.952 GC heap after
{Heap after GC invocations=215 (full 3):
 PSYoungGen      total 5120K, used 384K [0x00000000d5580000, 0x00000000d5c80000, 0x0000000100000000)
  eden space 4608K, 0% used [0x00000000d5580000,0x00000000d5580000,0x00000000d5a00000)
  from space 512K, 75% used [0x00000000d5c00000,0x00000000d5c60000,0x00000000d5c80000)
  to   space 512K, 0% used [0x00000000d5b80000,0x00000000d5b80000,0x00000000d5c00000)
 ParOldGen       total 194048K, used 193638K [0x0000000080000000, 0x000000008bd80000, 0x00000000d5580000)
  object space 194048K, 99% used [0x0000000080000000,0x000000008bd198b0,0x000000008bd80000)
 Metaspace       used 68819K, committed 70720K, reserved 1114112K
  class space    used 8201K, committed 9088K, reserved 1048576K
}
Event: 74.058 GC heap before
{Heap before GC invocations=216 (full 3):
 PSYoungGen      total 5120K, used 4992K [0x00000000d5580000, 0x00000000d5c80000, 0x0000000100000000)
  eden space 4608K, 100% used [0x00000000d5580000,0x00000000d5a00000,0x00000000d5a00000)
  from space 512K, 75% used [0x00000000d5c00000,0x00000000d5c60000,0x00000000d5c80000)
  to   space 512K, 0% used [0x00000000d5b80000,0x00000000d5b80000,0x00000000d5c00000)
 ParOldGen       total 194048K, used 193638K [0x0000000080000000, 0x000000008bd80000, 0x00000000d5580000)
  object space 194048K, 99% used [0x0000000080000000,0x000000008bd198b0,0x000000008bd80000)
 Metaspace       used 68824K, committed 70720K, reserved 1114112K
  class space    used 8201K, committed 9088K, reserved 1048576K
}
Event: 74.065 GC heap after
{Heap after GC invocations=216 (full 3):
 PSYoungGen      total 5120K, used 512K [0x00000000d5580000, 0x00000000d5d00000, 0x0000000100000000)
  eden space 4608K, 0% used [0x00000000d5580000,0x00000000d5580000,0x00000000d5a00000)
  from space 512K, 100% used [0x00000000d5b80000,0x00000000d5c00000,0x00000000d5c00000)
  to   space 1024K, 0% used [0x00000000d5c00000,0x00000000d5c00000,0x00000000d5d00000)
 ParOldGen       total 194560K, used 194458K [0x0000000080000000, 0x000000008be00000, 0x00000000d5580000)
  object space 194560K, 99% used [0x0000000080000000,0x000000008bde6978,0x000000008be00000)
 Metaspace       used 68824K, committed 70720K, reserved 1114112K
  class space    used 8201K, committed 9088K, reserved 1048576K
}
Event: 74.147 GC heap before
{Heap before GC invocations=217 (full 3):
 PSYoungGen      total 5120K, used 5119K [0x00000000d5580000, 0x00000000d5d00000, 0x0000000100000000)
  eden space 4608K, 99% used [0x00000000d5580000,0x00000000d59fff88,0x00000000d5a00000)
  from space 512K, 100% used [0x00000000d5b80000,0x00000000d5c00000,0x00000000d5c00000)
  to   space 1024K, 0% used [0x00000000d5c00000,0x00000000d5c00000,0x00000000d5d00000)
 ParOldGen       total 194560K, used 194458K [0x0000000080000000, 0x000000008be00000, 0x00000000d5580000)
  object space 194560K, 99% used [0x0000000080000000,0x000000008bde6978,0x000000008be00000)
 Metaspace       used 68832K, committed 70784K, reserved 1114112K
  class space    used 8201K, committed 9088K, reserved 1048576K
}
Event: 74.152 GC heap after
{Heap after GC invocations=217 (full 3):
 PSYoungGen      total 5120K, used 999K [0x00000000d5580000, 0x00000000d5f00000, 0x0000000100000000)
  eden space 4096K, 0% used [0x00000000d5580000,0x00000000d5580000,0x00000000d5980000)
  from space 1024K, 97% used [0x00000000d5c00000,0x00000000d5cf9f48,0x00000000d5d00000)
  to   space 2560K, 0% used [0x00000000d5980000,0x00000000d5980000,0x00000000d5c00000)
 ParOldGen       total 195584K, used 195502K [0x0000000080000000, 0x000000008bf00000, 0x00000000d5580000)
  object space 195584K, 99% used [0x0000000080000000,0x000000008beeb8e0,0x000000008bf00000)
 Metaspace       used 68832K, committed 70784K, reserved 1114112K
  class space    used 8201K, committed 9088K, reserved 1048576K
}
Event: 74.271 GC heap before
{Heap before GC invocations=218 (full 3):
 PSYoungGen      total 5120K, used 5095K [0x00000000d5580000, 0x00000000d5f00000, 0x0000000100000000)
  eden space 4096K, 99% used [0x00000000d5580000,0x00000000d597fe50,0x00000000d5980000)
  from space 1024K, 97% used [0x00000000d5c00000,0x00000000d5cf9f48,0x00000000d5d00000)
  to   space 2560K, 0% used [0x00000000d5980000,0x00000000d5980000,0x00000000d5c00000)
 ParOldGen       total 195584K, used 195502K [0x0000000080000000, 0x000000008bf00000, 0x00000000d5580000)
  object space 195584K, 99% used [0x0000000080000000,0x000000008beeb8e0,0x000000008bf00000)
 Metaspace       used 68849K, committed 70784K, reserved 1114112K
  class space    used 8201K, committed 9088K, reserved 1048576K
}
Event: 74.276 GC heap after
{Heap after GC invocations=218 (full 3):
 PSYoungGen      total 5632K, used 1312K [0x00000000d5580000, 0x00000000d5d80000, 0x0000000100000000)
  eden space 4096K, 0% used [0x00000000d5580000,0x00000000d5580000,0x00000000d5980000)
  from space 1536K, 85% used [0x00000000d5980000,0x00000000d5ac8020,0x00000000d5b00000)
  to   space 2048K, 0% used [0x00000000d5b80000,0x00000000d5b80000,0x00000000d5d80000)
 ParOldGen       total 196608K, used 196494K [0x0000000080000000, 0x000000008c000000, 0x00000000d5580000)
  object space 196608K, 99% used [0x0000000080000000,0x000000008bfe3828,0x000000008c000000)
 Metaspace       used 68849K, committed 70784K, reserved 1114112K
  class space    used 8201K, committed 9088K, reserved 1048576K
}
Event: 74.362 GC heap before
{Heap before GC invocations=219 (full 3):
 PSYoungGen      total 5632K, used 5408K [0x00000000d5580000, 0x00000000d5d80000, 0x0000000100000000)
  eden space 4096K, 99% used [0x00000000d5580000,0x00000000d597fff8,0x00000000d5980000)
  from space 1536K, 85% used [0x00000000d5980000,0x00000000d5ac8020,0x00000000d5b00000)
  to   space 2048K, 0% used [0x00000000d5b80000,0x00000000d5b80000,0x00000000d5d80000)
 ParOldGen       total 196608K, used 196494K [0x0000000080000000, 0x000000008c000000, 0x00000000d5580000)
  object space 196608K, 99% used [0x0000000080000000,0x000000008bfe3828,0x000000008c000000)
 Metaspace       used 68849K, committed 70784K, reserved 1114112K
  class space    used 8201K, committed 9088K, reserved 1048576K
}
Event: 74.367 GC heap after
{Heap after GC invocations=219 (full 3):
 PSYoungGen      total 5632K, used 1320K [0x00000000d5580000, 0x00000000d5d00000, 0x0000000100000000)
  eden space 4096K, 0% used [0x00000000d5580000,0x00000000d5580000,0x00000000d5980000)
  from space 1536K, 85% used [0x00000000d5b80000,0x00000000d5cca0d8,0x00000000d5d00000)
  to   space 1536K, 0% used [0x00000000d5980000,0x00000000d5980000,0x00000000d5b00000)
 ParOldGen       total 197632K, used 197542K [0x0000000080000000, 0x000000008c100000, 0x00000000d5580000)
  object space 197632K, 99% used [0x0000000080000000,0x000000008c0e9898,0x000000008c100000)
 Metaspace       used 68849K, committed 70784K, reserved 1114112K
  class space    used 8201K, committed 9088K, reserved 1048576K
}
Event: 74.472 GC heap before
{Heap before GC invocations=220 (full 3):
 PSYoungGen      total 5632K, used 5416K [0x00000000d5580000, 0x00000000d5d00000, 0x0000000100000000)
  eden space 4096K, 100% used [0x00000000d5580000,0x00000000d5980000,0x00000000d5980000)
  from space 1536K, 85% used [0x00000000d5b80000,0x00000000d5cca0d8,0x00000000d5d00000)
  to   space 1536K, 0% used [0x00000000d5980000,0x00000000d5980000,0x00000000d5b00000)
 ParOldGen       total 197632K, used 197542K [0x0000000080000000, 0x000000008c100000, 0x00000000d5580000)
  object space 197632K, 99% used [0x0000000080000000,0x000000008c0e9a80,0x000000008c100000)
 Metaspace       used 68849K, committed 70784K, reserved 1114112K
  class space    used 8201K, committed 9088K, reserved 1048576K
}

